[2825:85763:1128/124813.062207:ERROR:named_platform_channel_mac.cc(44)] bootstrap_check_in com.google.Chrome.apps.f45297f11e36fb56a135d86461db42cd: Permission denied (1100)
[2825:775:1128/124823.426608:INFO:CONSOLE(7)] "fun-hooks: referenced 'registerAdserver' but it was never created", source: https://cdn.intergi.com/prebid/prebid.js (7)
[2825:775:1128/124823.426858:INFO:CONSOLE(7)] "fun-hooks: referenced 'adpod' but it was never created", source: https://cdn.intergi.com/prebid/prebid.js (7)
[2825:775:1128/124823.429515:INFO:CONSOLE(1)] "bids config prebid", source: https://cdn.intergi.com/hera/releases/4.3.22/main.943d810b7921348685a2.js (1)
[2825:775:1128/124823.585085:INFO:CONSOLE(1)] "Failed to execute 'write' on 'Document': It isn't possible to write into a document from an asynchronously-loaded external script unless it is explicitly opened.", source: https://securepubads.g.doubleclick.net/tag/js/gpt.js (1)
[2825:775:1128/124824.070654:INFO:CONSOLE(1)] "Frame.html, no debug data-set", source: https://cdn.playwire.com/bolt4/js/zeus/releases/4.2.1/frame/frame.html (1)
[2825:775:1128/124824.143727:INFO:CONSOLE(0)] "Access to XMLHttpRequest at 'https://hb.undertone.com/hb?pid=3628&domain=planetminecraft.com&gdpr=0&gdprstr=' from origin 'https://www.planetminecraft.com' has been blocked by CORS policy: No 'Access-Control-Allow-Origin' header is present on the requested resource.", source: https://www.planetminecraft.com/ (0)
[2825:775:1128/124824.300630:INFO:CONSOLE(1)] "Blocked autofocusing on a form control in a cross-origin subframe.", source: https://cdn.playwire.com/bolt4/js/zeus/releases/4.2.1/frame/frame.c8e62d7a0230fb9bc826.js (1)
[2825:775:1128/124825.557922:INFO:CONSOLE(1)] "contact form submission handler loaded successfully", source: https://cdn.intergi.com/report_ad/form-handler.js (1)
[2825:775:1128/124826.087738:INFO:CONSOLE(1)] "AST library loaded: 0.26.1", source: https://acdn.adnxs.com/ast/ast.js (1)
[2825:775:1128/124826.089943:INFO:CONSOLE(1)] "AST library loaded: 0.26.1", source: https://acdn.adnxs.com/ast/ast.js (1)
[2825:775:1128/124826.593369:INFO:CONSOLE(12)] "Emily: skipping cause already ran", source: https://eus.rubiconproject.com/usync.html?geo=na&co=us&s=ms2 (12)
[2825:775:1128/124827.576933:INFO:CONSOLE(0)] "Mixed Content: The page at 'https://www.planetminecraft.com/' was loaded over HTTPS, but requested an insecure image 'http://sync.search.spotxchange.com/partner?adv_id=8113&uid=5e8b63bd-3746-4b60-963e-488fc538e6a1'. This content should also be served over HTTPS.", source: about:blank (0)
[2825:775:1128/124828.494547:INFO:CONSOLE(4)] "The deviceorientation events are blocked by feature policy. See https://github.com/WICG/feature-policy/blob/master/features.md#sensor-features", source:  (4)
[2825:775:1128/124829.417057:INFO:CONSOLE(4)] "The deviceorientation events are blocked by feature policy. See https://github.com/WICG/feature-policy/blob/master/features.md#sensor-features", source:  (4)
[2825:775:1128/124833.012313:INFO:CONSOLE(0)] "[DOM] Input elements should have autocomplete attributes (suggested: "current-password"): (More info: https://goo.gl/9p2vKq) %o", source: https://www.planetminecraft.com/account/sign_in/ (0)
[2825:775:1128/124900.082879:INFO:CONSOLE(7)] "fun-hooks: referenced 'registerAdserver' but it was never created", source: https://cdn.intergi.com/prebid/prebid.js (7)
[2825:775:1128/124900.095942:INFO:CONSOLE(7)] "fun-hooks: referenced 'adpod' but it was never created", source: https://cdn.intergi.com/prebid/prebid.js (7)
[2825:775:1128/124900.096134:INFO:CONSOLE(1)] "bids config prebid", source: https://cdn.intergi.com/hera/releases/4.3.22/main.943d810b7921348685a2.js (1)
[2825:775:1128/124900.106924:INFO:CONSOLE(1)] "Failed to execute 'write' on 'Document': It isn't possible to write into a document from an asynchronously-loaded external script unless it is explicitly opened.", source: https://securepubads.g.doubleclick.net/tag/js/gpt.js (1)
[2825:775:1128/124900.403441:INFO:CONSOLE(0)] "Access to XMLHttpRequest at 'https://hb.undertone.com/hb?pid=3628&domain=planetminecraft.com&gdpr=0&gdprstr=' from origin 'https://www.planetminecraft.com' has been blocked by CORS policy: No 'Access-Control-Allow-Origin' header is present on the requested resource.", source: https://www.planetminecraft.com/ (0)
[2825:775:1128/124902.581162:INFO:CONSOLE(18)] "document.registerElement is deprecated and will be removed in M80, around February 2020. Please use window.customElements.define instead. See https://www.chromestatus.com/features/4642138092470272 and https://developers.google.com/web/updates/2019/07/web-components-time-to-upgrade for more details.", source: https://tpc.googlesyndication.com/sadbundle/$csp%3Der3$/4916782707326844928/index.html (18)
[2825:775:1128/124902.759024:INFO:CONSOLE(412)] "Powered by AMP ⚡ HTML – Version 1911191835190 https://www.planetminecraft.com/", source: https://cdn.ampproject.org/rtv/031911191835190/amp4ads-v0.js (412)
[2830:775:1128/124903.251956:ERROR:gles2_cmd_decoder.cc(11244)] [.WebGL-0x7fdd5601e800]RENDER WARNING: Render count or primcount is 0.
[2825:775:1128/124903.336819:INFO:CONSOLE(0)] "[.WebGL-0x7fdd5601e800]RENDER WARNING: Render count or primcount is 0.", source: https://www.planetminecraft.com/ (0)
[2825:775:1128/124903.388862:INFO:CONSOLE(1)] "AST library loaded: 0.26.1", source: https://acdn.adnxs.com/ast/ast.js (1)
[2830:775:1128/124903.640191:ERROR:gles2_cmd_decoder.cc(11244)] [.WebGL-0x7fdd5601e800]RENDER WARNING: Render count or primcount is 0.
[2830:775:1128/124903.656010:ERROR:gles2_cmd_decoder.cc(11244)] [.WebGL-0x7fdd5601e800]RENDER WARNING: Render count or primcount is 0.
[2825:775:1128/124903.715501:INFO:CONSOLE(0)] "[.WebGL-0x7fdd5601e800]RENDER WARNING: Render count or primcount is 0.", source: https://www.planetminecraft.com/ (0)
[2825:775:1128/124903.715580:INFO:CONSOLE(0)] "[.WebGL-0x7fdd5601e800]RENDER WARNING: Render count or primcount is 0.", source: https://www.planetminecraft.com/ (0)
[2830:775:1128/124904.447150:ERROR:gles2_cmd_decoder.cc(11244)] [.WebGL-0x7fdd5601e800]RENDER WARNING: Render count or primcount is 0.
[2825:775:1128/124904.455059:INFO:CONSOLE(0)] "[.WebGL-0x7fdd5601e800]RENDER WARNING: Render count or primcount is 0.", source: https://www.planetminecraft.com/ (0)
[2830:775:1128/124904.457440:ERROR:gles2_cmd_decoder.cc(11244)] [.WebGL-0x7fdd5601e800]RENDER WARNING: Render count or primcount is 0.
[2825:775:1128/124904.465155:INFO:CONSOLE(0)] "[.WebGL-0x7fdd5601e800]RENDER WARNING: Render count or primcount is 0.", source: https://www.planetminecraft.com/ (0)
[2830:775:1128/124904.473977:ERROR:gles2_cmd_decoder.cc(11244)] [.WebGL-0x7fdd5601e800]RENDER WARNING: Render count or primcount is 0.
[2825:775:1128/124904.484034:INFO:CONSOLE(0)] "[.WebGL-0x7fdd5601e800]RENDER WARNING: Render count or primcount is 0.", source: https://www.planetminecraft.com/ (0)
[2830:775:1128/124904.490827:ERROR:gles2_cmd_decoder.cc(11244)] [.WebGL-0x7fdd5601e800]RENDER WARNING: Render count or primcount is 0.
[2825:775:1128/124904.500429:INFO:CONSOLE(0)] "[.WebGL-0x7fdd5601e800]RENDER WARNING: Render count or primcount is 0.", source: https://www.planetminecraft.com/ (0)
[2830:775:1128/124904.507329:ERROR:gles2_cmd_decoder.cc(11244)] [.WebGL-0x7fdd5601e800]RENDER WARNING: Render count or primcount is 0.
[2825:775:1128/124904.518437:INFO:CONSOLE(0)] "[.WebGL-0x7fdd5601e800]RENDER WARNING: Render count or primcount is 0.", source: https://www.planetminecraft.com/ (0)
[2830:775:1128/124904.523886:ERROR:gles2_cmd_decoder.cc(11244)] [.WebGL-0x7fdd5601e800]RENDER WARNING: Render count or primcount is 0.
[2825:775:1128/124904.531869:INFO:CONSOLE(0)] "[.WebGL-0x7fdd5601e800]RENDER WARNING: Render count or primcount is 0.", source: https://www.planetminecraft.com/ (0)
[2830:775:1128/124904.907968:ERROR:gles2_cmd_decoder.cc(11244)] [.WebGL-0x7fdd5601e800]RENDER WARNING: Render count or primcount is 0.
[2825:775:1128/124904.917218:INFO:CONSOLE(0)] "[.WebGL-0x7fdd5601e800]RENDER WARNING: Render count or primcount is 0.", source: https://www.planetminecraft.com/ (0)
[2830:775:1128/124904.923170:ERROR:gles2_cmd_decoder.cc(11244)] [.WebGL-0x7fdd5601e800]RENDER WARNING: Render count or primcount is 0.
[2825:775:1128/124904.931436:INFO:CONSOLE(0)] "[.WebGL-0x7fdd5601e800]RENDER WARNING: Render count or primcount is 0.", source: https://www.planetminecraft.com/ (0)
[2830:775:1128/124904.940867:ERROR:gles2_cmd_decoder.cc(11244)] [.WebGL-0x7fdd5601e800]RENDER WARNING: Render count or primcount is 0.
[2825:775:1128/124904.952898:INFO:CONSOLE(0)] "[.WebGL-0x7fdd5601e800]RENDER WARNING: Render count or primcount is 0.", source: https://www.planetminecraft.com/ (0)
[2830:775:1128/124904.957304:ERROR:gles2_cmd_decoder.cc(11244)] [.WebGL-0x7fdd5601e800]RENDER WARNING: Render count or primcount is 0.
[2825:775:1128/124904.962424:INFO:CONSOLE(0)] "[.WebGL-0x7fdd5601e800]RENDER WARNING: Render count or primcount is 0.", source: https://www.planetminecraft.com/ (0)
[2830:775:1128/124905.256665:ERROR:gles2_cmd_decoder.cc(11244)] [.WebGL-0x7fdd5601e800]RENDER WARNING: Render count or primcount is 0.
[2830:775:1128/124905.260322:ERROR:gles2_cmd_decoder.cc(11244)] [.WebGL-0x7fdd5601e800]RENDER WARNING: Render count or primcount is 0.
[2825:775:1128/124905.267419:INFO:CONSOLE(0)] "[.WebGL-0x7fdd5601e800]RENDER WARNING: Render count or primcount is 0.", source: https://www.planetminecraft.com/ (0)
[2825:775:1128/124905.267529:INFO:CONSOLE(0)] "[.WebGL-0x7fdd5601e800]RENDER WARNING: Render count or primcount is 0.", source: https://www.planetminecraft.com/ (0)
[2830:775:1128/124907.051705:ERROR:gles2_cmd_decoder.cc(11244)] [.WebGL-0x7fdd5601e800]RENDER WARNING: Render count or primcount is 0.
[2825:775:1128/124907.059910:INFO:CONSOLE(0)] "[.WebGL-0x7fdd5601e800]RENDER WARNING: Render count or primcount is 0.", source: https://www.planetminecraft.com/ (0)
[2830:775:1128/124907.067585:ERROR:gles2_cmd_decoder.cc(11244)] [.WebGL-0x7fdd5601e800]RENDER WARNING: Render count or primcount is 0.
[2825:775:1128/124907.077079:INFO:CONSOLE(0)] "[.WebGL-0x7fdd5601e800]RENDER WARNING: Render count or primcount is 0.", source: https://www.planetminecraft.com/ (0)
[2830:775:1128/124907.702724:ERROR:gles2_cmd_decoder.cc(11244)] [.WebGL-0x7fdd5601e800]RENDER WARNING: Render count or primcount is 0.
[2830:775:1128/124907.707780:ERROR:gles2_cmd_decoder.cc(11244)] [.WebGL-0x7fdd5601e800]RENDER WARNING: Render count or primcount is 0.
[2825:775:1128/124907.715258:INFO:CONSOLE(0)] "[.WebGL-0x7fdd5601e800]RENDER WARNING: Render count or primcount is 0.", source: https://www.planetminecraft.com/ (0)
[2825:775:1128/124907.715357:INFO:CONSOLE(0)] "[.WebGL-0x7fdd5601e800]RENDER WARNING: Render count or primcount is 0.", source: https://www.planetminecraft.com/ (0)
[2830:775:1128/124908.017489:ERROR:gles2_cmd_decoder.cc(11244)] [.WebGL-0x7fdd5601e800]RENDER WARNING: Render count or primcount is 0.
[2825:775:1128/124908.025091:INFO:CONSOLE(0)] "[.WebGL-0x7fdd5601e800]RENDER WARNING: Render count or primcount is 0.", source: https://www.planetminecraft.com/ (0)
[2830:775:1128/124908.034934:ERROR:gles2_cmd_decoder.cc(11244)] [.WebGL-0x7fdd5601e800]RENDER WARNING: Render count or primcount is 0.
[2825:775:1128/124908.045846:INFO:CONSOLE(0)] "[.WebGL-0x7fdd5601e800]RENDER WARNING: Render count or primcount is 0.", source: https://www.planetminecraft.com/ (0)
[2830:775:1128/124908.051112:ERROR:gles2_cmd_decoder.cc(11244)] [.WebGL-0x7fdd5601e800]RENDER WARNING: Render count or primcount is 0.
[2825:775:1128/124908.060341:INFO:CONSOLE(0)] "[.WebGL-0x7fdd5601e800]RENDER WARNING: Render count or primcount is 0.", source: https://www.planetminecraft.com/ (0)
[2830:775:1128/124908.068652:ERROR:gles2_cmd_decoder.cc(11244)] [.WebGL-0x7fdd5601e800]RENDER WARNING: Render count or primcount is 0.
[2825:775:1128/124908.078893:INFO:CONSOLE(0)] "[.WebGL-0x7fdd5601e800]RENDER WARNING: Render count or primcount is 0.", source: https://www.planetminecraft.com/ (0)
[2830:775:1128/124908.084711:ERROR:gles2_cmd_decoder.cc(11244)] [.WebGL-0x7fdd5601e800]RENDER WARNING: Render count or primcount is 0.
[2825:775:1128/124908.091352:INFO:CONSOLE(0)] "[.WebGL-0x7fdd5601e800]RENDER WARNING: Render count or primcount is 0.", source: https://www.planetminecraft.com/ (0)
[2830:775:1128/124908.103426:ERROR:gles2_cmd_decoder.cc(11244)] [.WebGL-0x7fdd5601e800]RENDER WARNING: Render count or primcount is 0.
[2825:775:1128/124908.112016:INFO:CONSOLE(0)] "[.WebGL-0x7fdd5601e800]RENDER WARNING: Render count or primcount is 0.", source: https://www.planetminecraft.com/ (0)
[2830:775:1128/124908.435799:ERROR:gles2_cmd_decoder.cc(11244)] [.WebGL-0x7fdd5601e800]RENDER WARNING: Render count or primcount is 0.
[2825:775:1128/124908.445219:INFO:CONSOLE(0)] "[.WebGL-0x7fdd5601e800]RENDER WARNING: Render count or primcount is 0.", source: https://www.planetminecraft.com/ (0)
[2830:775:1128/124908.451800:ERROR:gles2_cmd_decoder.cc(11244)] [.WebGL-0x7fdd5601e800]RENDER WARNING: Render count or primcount is 0.
[2825:775:1128/124908.459433:INFO:CONSOLE(0)] "[.WebGL-0x7fdd5601e800]RENDER WARNING: Render count or primcount is 0.", source: https://www.planetminecraft.com/ (0)
[2830:775:1128/124908.467701:ERROR:gles2_cmd_decoder.cc(11244)] [.WebGL-0x7fdd5601e800]RENDER WARNING: Render count or primcount is 0.
[2825:775:1128/124908.477186:INFO:CONSOLE(0)] "[.WebGL-0x7fdd5601e800]RENDER WARNING: Render count or primcount is 0.", source: https://www.planetminecraft.com/ (0)
[2830:775:1128/124909.284107:ERROR:gles2_cmd_decoder.cc(11244)] [.WebGL-0x7fdd5601e800]RENDER WARNING: Render count or primcount is 0.
[2825:775:1128/124909.292197:INFO:CONSOLE(0)] "[.WebGL-0x7fdd5601e800]RENDER WARNING: Render count or primcount is 0.", source: https://www.planetminecraft.com/ (0)
[2830:775:1128/124910.351493:ERROR:gles2_cmd_decoder.cc(11244)] [.WebGL-0x7fdd5601e800]RENDER WARNING: Render count or primcount is 0.
[2825:775:1128/124910.360481:INFO:CONSOLE(0)] "[.WebGL-0x7fdd5601e800]RENDER WARNING: Render count or primcount is 0.", source: https://www.planetminecraft.com/ (0)
[2830:775:1128/124910.368416:ERROR:gles2_cmd_decoder.cc(11244)] [.WebGL-0x7fdd5601e800]RENDER WARNING: Render count or primcount is 0.
[2825:775:1128/124910.377974:INFO:CONSOLE(0)] "[.WebGL-0x7fdd5601e800]RENDER WARNING: Render count or primcount is 0.", source: https://www.planetminecraft.com/ (0)
[2830:775:1128/124910.384129:ERROR:gles2_cmd_decoder.cc(11244)] [.WebGL-0x7fdd5601e800]RENDER WARNING: Render count or primcount is 0.
[2825:775:1128/124910.394003:INFO:CONSOLE(0)] "[.WebGL-0x7fdd5601e800]RENDER WARNING: Render count or primcount is 0.", source: https://www.planetminecraft.com/ (0)
[2830:775:1128/124910.401833:ERROR:gles2_cmd_decoder.cc(11244)] [.WebGL-0x7fdd5601e800]RENDER WARNING: Render count or primcount is 0.
[2825:775:1128/124910.410770:INFO:CONSOLE(0)] "[.WebGL-0x7fdd5601e800]RENDER WARNING: Render count or primcount is 0.", source: https://www.planetminecraft.com/ (0)
[2830:775:1128/124911.586296:ERROR:gles2_cmd_decoder.cc(11244)] [.WebGL-0x7fdd5601e800]RENDER WARNING: Render count or primcount is 0.
[2825:775:1128/124911.596629:INFO:CONSOLE(0)] "[.WebGL-0x7fdd5601e800]RENDER WARNING: Render count or primcount is 0.", source: https://www.planetminecraft.com/ (0)
[2830:775:1128/124911.600992:ERROR:gles2_cmd_decoder.cc(11244)] [.WebGL-0x7fdd5601e800]RENDER WARNING: Render count or primcount is 0.
[2825:775:1128/124911.609722:INFO:CONSOLE(0)] "[.WebGL-0x7fdd5601e800]RENDER WARNING: Render count or primcount is 0.", source: https://www.planetminecraft.com/ (0)
[2830:775:1128/124911.618782:ERROR:gles2_cmd_decoder.cc(11244)] [.WebGL-0x7fdd5601e800]RENDER WARNING: Render count or primcount is 0.
[2825:775:1128/124911.628022:INFO:CONSOLE(0)] "[.WebGL-0x7fdd5601e800]RENDER WARNING: Render count or primcount is 0.", source: https://www.planetminecraft.com/ (0)
[2830:775:1128/124911.634965:ERROR:gles2_cmd_decoder.cc(11244)] [.WebGL-0x7fdd5601e800]RENDER WARNING: Render count or primcount is 0.
[2825:775:1128/124911.644286:INFO:CONSOLE(0)] "[.WebGL-0x7fdd5601e800]RENDER WARNING: Render count or primcount is 0.", source: https://www.planetminecraft.com/ (0)
[2830:775:1128/124911.651298:ERROR:gles2_cmd_decoder.cc(11244)] [.WebGL-0x7fdd5601e800]RENDER WARNING: Render count or primcount is 0.
[2825:775:1128/124911.660201:INFO:CONSOLE(0)] "[.WebGL-0x7fdd5601e800]RENDER WARNING: Render count or primcount is 0.", source: https://www.planetminecraft.com/ (0)
[2830:775:1128/124911.668555:ERROR:gles2_cmd_decoder.cc(11244)] [.WebGL-0x7fdd5601e800]RENDER WARNING: Render count or primcount is 0.
[2825:775:1128/124911.679287:INFO:CONSOLE(0)] "[.WebGL-0x7fdd5601e800]RENDER WARNING: Render count or primcount is 0.", source: https://www.planetminecraft.com/ (0)
[2830:775:1128/124911.683968:ERROR:gles2_cmd_decoder.cc(11244)] [.WebGL-0x7fdd5601e800]RENDER WARNING: Render count or primcount is 0.
[2825:775:1128/124911.692647:INFO:CONSOLE(0)] "[.WebGL-0x7fdd5601e800]RENDER WARNING: Render count or primcount is 0.", source: https://www.planetminecraft.com/ (0)
[2830:775:1128/124911.703319:ERROR:gles2_cmd_decoder.cc(11244)] [.WebGL-0x7fdd5601e800]RENDER WARNING: Render count or primcount is 0.
[2825:775:1128/124911.712063:INFO:CONSOLE(0)] "[.WebGL-0x7fdd5601e800]RENDER WARNING: Render count or primcount is 0.", source: https://www.planetminecraft.com/ (0)
[2830:775:1128/124911.717982:ERROR:gles2_cmd_decoder.cc(11244)] [.WebGL-0x7fdd5601e800]RENDER WARNING: Render count or primcount is 0.
[2825:775:1128/124911.724481:INFO:CONSOLE(0)] "[.WebGL-0x7fdd5601e800]RENDER WARNING: Render count or primcount is 0.", source: https://www.planetminecraft.com/ (0)
[2830:775:1128/124911.734679:ERROR:gles2_cmd_decoder.cc(11244)] [.WebGL-0x7fdd5601e800]RENDER WARNING: Render count or primcount is 0.
[2825:775:1128/124911.739731:INFO:CONSOLE(0)] "[.WebGL-0x7fdd5601e800]RENDER WARNING: Render count or primcount is 0.", source: https://www.planetminecraft.com/ (0)
[2830:775:1128/124912.651181:ERROR:gles2_cmd_decoder.cc(11244)] [.WebGL-0x7fdd5601e800]RENDER WARNING: Render count or primcount is 0.
[2825:775:1128/124912.661119:INFO:CONSOLE(0)] "[.WebGL-0x7fdd5601e800]RENDER WARNING: Render count or primcount is 0.", source: https://www.planetminecraft.com/ (0)
[2830:775:1128/124912.667489:ERROR:gles2_cmd_decoder.cc(11244)] [.WebGL-0x7fdd5601e800]RENDER WARNING: Render count or primcount is 0.
[2825:775:1128/124912.673703:INFO:CONSOLE(0)] "[.WebGL-0x7fdd5601e800]RENDER WARNING: Render count or primcount is 0.", source: https://www.planetminecraft.com/ (0)
[2830:775:1128/124912.688260:ERROR:gles2_cmd_decoder.cc(11244)] [.WebGL-0x7fdd5601e800]RENDER WARNING: Render count or primcount is 0.
[2825:775:1128/124912.692631:INFO:CONSOLE(0)] "[.WebGL-0x7fdd5601e800]RENDER WARNING: Render count or primcount is 0.", source: https://www.planetminecraft.com/ (0)
[2830:775:1128/124912.702163:ERROR:gles2_cmd_decoder.cc(11244)] [.WebGL-0x7fdd5601e800]RENDER WARNING: Render count or primcount is 0.
[2825:775:1128/124912.710401:INFO:CONSOLE(0)] "[.WebGL-0x7fdd5601e800]RENDER WARNING: Render count or primcount is 0.", source: https://www.planetminecraft.com/ (0)
[2830:775:1128/124912.718549:ERROR:gles2_cmd_decoder.cc(11244)] [.WebGL-0x7fdd5601e800]RENDER WARNING: Render count or primcount is 0.
[2825:775:1128/124912.727896:INFO:CONSOLE(0)] "[.WebGL-0x7fdd5601e800]RENDER WARNING: Render count or primcount is 0.", source: https://www.planetminecraft.com/ (0)
[2830:775:1128/124913.551241:ERROR:gles2_cmd_decoder.cc(11244)] [.WebGL-0x7fdd5601e800]RENDER WARNING: Render count or primcount is 0.
[2825:775:1128/124913.558784:INFO:CONSOLE(0)] "[.WebGL-0x7fdd5601e800]RENDER WARNING: Render count or primcount is 0.", source: https://www.planetminecraft.com/ (0)
[2830:775:1128/124913.568464:ERROR:gles2_cmd_decoder.cc(11244)] [.WebGL-0x7fdd5601e800]RENDER WARNING: Render count or primcount is 0.
[2825:775:1128/124913.579664:INFO:CONSOLE(0)] "[.WebGL-0x7fdd5601e800]RENDER WARNING: Render count or primcount is 0.", source: https://www.planetminecraft.com/ (0)
[2830:775:1128/124913.585462:ERROR:gles2_cmd_decoder.cc(11244)] [.WebGL-0x7fdd5601e800]RENDER WARNING: Render count or primcount is 0.
[2825:775:1128/124913.593296:INFO:CONSOLE(0)] "[.WebGL-0x7fdd5601e800]RENDER WARNING: Render count or primcount is 0.", source: https://www.planetminecraft.com/ (0)
[2830:775:1128/124913.603401:ERROR:gles2_cmd_decoder.cc(11244)] [.WebGL-0x7fdd5601e800]RENDER WARNING: Render count or primcount is 0.
[2825:775:1128/124913.613351:INFO:CONSOLE(0)] "[.WebGL-0x7fdd5601e800]RENDER WARNING: Render count or primcount is 0.", source: https://www.planetminecraft.com/ (0)
[2830:775:1128/124913.617583:ERROR:gles2_cmd_decoder.cc(11244)] [.WebGL-0x7fdd5601e800]RENDER WARNING: Render count or primcount is 0.
[2825:775:1128/124913.625487:INFO:CONSOLE(0)] "[.WebGL-0x7fdd5601e800]RENDER WARNING: Render count or primcount is 0.", source: https://www.planetminecraft.com/ (0)
[2830:775:1128/124913.635360:ERROR:gles2_cmd_decoder.cc(11244)] [.WebGL-0x7fdd5601e800]RENDER WARNING: Render count or primcount is 0.
[2825:775:1128/124913.645328:INFO:CONSOLE(0)] "[.WebGL-0x7fdd5601e800]RENDER WARNING: Render count or primcount is 0.", source: https://www.planetminecraft.com/ (0)
[2830:775:1128/124913.650465:ERROR:gles2_cmd_decoder.cc(11244)] [.WebGL-0x7fdd5601e800]RENDER WARNING: Render count or primcount is 0.
[2825:775:1128/124913.659743:INFO:CONSOLE(0)] "[.WebGL-0x7fdd5601e800]RENDER WARNING: Render count or primcount is 0.", source: https://www.planetminecraft.com/ (0)
[2830:775:1128/124913.668462:ERROR:gles2_cmd_decoder.cc(11244)] [.WebGL-0x7fdd5601e800]RENDER WARNING: Render count or primcount is 0.
[2825:775:1128/124913.677460:INFO:CONSOLE(0)] "[.WebGL-0x7fdd5601e800]RENDER WARNING: Render count or primcount is 0.", source: https://www.planetminecraft.com/ (0)
[2830:775:1128/124913.834199:ERROR:gles2_cmd_decoder.cc(11244)] [.WebGL-0x7fdd5601e800]RENDER WARNING: Render count or primcount is 0.
[2825:775:1128/124913.842675:INFO:CONSOLE(0)] "[.WebGL-0x7fdd5601e800]RENDER WARNING: Render count or primcount is 0.", source: https://www.planetminecraft.com/ (0)
[2830:775:1128/124917.551738:ERROR:gles2_cmd_decoder.cc(11244)] [.WebGL-0x7fdd5601e800]RENDER WARNING: Render count or primcount is 0.
[2825:775:1128/124917.560384:INFO:CONSOLE(0)] "[.WebGL-0x7fdd5601e800]RENDER WARNING: Render count or primcount is 0.", source: https://www.planetminecraft.com/ (0)
[2830:775:1128/124917.567901:ERROR:gles2_cmd_decoder.cc(11244)] [.WebGL-0x7fdd5601e800]RENDER WARNING: Render count or primcount is 0.
[2825:775:1128/124917.577681:INFO:CONSOLE(0)] "[.WebGL-0x7fdd5601e800]RENDER WARNING: Render count or primcount is 0.", source: https://www.planetminecraft.com/ (0)
[2830:775:1128/124918.551423:ERROR:gles2_cmd_decoder.cc(11244)] [.WebGL-0x7fdd5601e800]RENDER WARNING: Render count or primcount is 0.
[2825:775:1128/124918.561054:INFO:CONSOLE(0)] "[.WebGL-0x7fdd5601e800]RENDER WARNING: Render count or primcount is 0.", source: https://www.planetminecraft.com/ (0)
[2830:775:1128/124918.568319:ERROR:gles2_cmd_decoder.cc(11244)] [.WebGL-0x7fdd5601e800]RENDER WARNING: Render count or primcount is 0.
[2825:775:1128/124918.578437:INFO:CONSOLE(0)] "[.WebGL-0x7fdd5601e800]RENDER WARNING: Render count or primcount is 0.", source: https://www.planetminecraft.com/ (0)
[2830:775:1128/124918.584683:ERROR:gles2_cmd_decoder.cc(11244)] [.WebGL-0x7fdd5601e800]RENDER WARNING: Render count or primcount is 0.
[2830:775:1128/124918.591300:ERROR:gles2_cmd_decoder.cc(11244)] [.WebGL-0x7fdd5601e800]RENDER WARNING: Render count or primcount is 0.
[2825:775:1128/124918.601998:INFO:CONSOLE(0)] "[.WebGL-0x7fdd5601e800]RENDER WARNING: Render count or primcount is 0.", source: https://www.planetminecraft.com/ (0)
[2825:775:1128/124918.602095:INFO:CONSOLE(0)] "[.WebGL-0x7fdd5601e800]RENDER WARNING: Render count or primcount is 0.", source: https://www.planetminecraft.com/ (0)
[2830:775:1128/124918.618765:ERROR:gles2_cmd_decoder.cc(11244)] [.WebGL-0x7fdd5601e800]RENDER WARNING: Render count or primcount is 0.
[2830:775:1128/124918.624937:ERROR:gles2_cmd_decoder.cc(11244)] [.WebGL-0x7fdd5601e800]RENDER WARNING: Render count or primcount is 0.
[2825:775:1128/124918.634622:INFO:CONSOLE(0)] "[.WebGL-0x7fdd5601e800]RENDER WARNING: Render count or primcount is 0.", source: https://www.planetminecraft.com/ (0)
[2825:775:1128/124918.634748:INFO:CONSOLE(0)] "[.WebGL-0x7fdd5601e800]RENDER WARNING: Render count or primcount is 0.", source: https://www.planetminecraft.com/ (0)
[2830:775:1128/124918.637128:ERROR:gles2_cmd_decoder.cc(11244)] [.WebGL-0x7fdd5601e800]RENDER WARNING: Render count or primcount is 0.
[2825:775:1128/124918.644979:INFO:CONSOLE(0)] "[.WebGL-0x7fdd5601e800]RENDER WARNING: Render count or primcount is 0.", source: https://www.planetminecraft.com/ (0)
[2830:775:1128/124921.117279:ERROR:gles2_cmd_decoder.cc(11244)] [.WebGL-0x7fdd5601e800]RENDER WARNING: Render count or primcount is 0.
[2825:775:1128/124921.121799:INFO:CONSOLE(0)] "[.WebGL-0x7fdd5601e800]RENDER WARNING: Render count or primcount is 0.", source: https://www.planetminecraft.com/ (0)
[2830:775:1128/124921.719079:ERROR:gles2_cmd_decoder.cc(11244)] [.WebGL-0x7fdd5601e800]RENDER WARNING: Render count or primcount is 0.
[2825:775:1128/124921.724308:INFO:CONSOLE(0)] "[.WebGL-0x7fdd5601e800]RENDER WARNING: Render count or primcount is 0.", source: https://www.planetminecraft.com/ (0)
[2830:775:1128/124921.735344:ERROR:gles2_cmd_decoder.cc(11244)] [.WebGL-0x7fdd5601e800]RENDER WARNING: Render count or primcount is 0.
[2825:775:1128/124921.743673:INFO:CONSOLE(0)] "[.WebGL-0x7fdd5601e800]RENDER WARNING: Render count or primcount is 0.", source: https://www.planetminecraft.com/ (0)
[2830:775:1128/124921.752174:ERROR:gles2_cmd_decoder.cc(11244)] [.WebGL-0x7fdd5601e800]RENDER WARNING: Render count or primcount is 0.
[2825:775:1128/124921.759774:INFO:CONSOLE(0)] "[.WebGL-0x7fdd5601e800]RENDER WARNING: Render count or primcount is 0.", source: https://www.planetminecraft.com/ (0)
[2830:775:1128/124923.684451:ERROR:gles2_cmd_decoder.cc(11244)] [.WebGL-0x7fdd5601e800]RENDER WARNING: Render count or primcount is 0.
[2825:775:1128/124923.691834:INFO:CONSOLE(0)] "[.WebGL-0x7fdd5601e800]RENDER WARNING: Render count or primcount is 0.", source: https://www.planetminecraft.com/ (0)
[2830:775:1128/124923.701589:ERROR:gles2_cmd_decoder.cc(11244)] [.WebGL-0x7fdd5601e800]RENDER WARNING: Render count or primcount is 0.
[2825:775:1128/124923.710858:INFO:CONSOLE(0)] "[.WebGL-0x7fdd5601e800]RENDER WARNING: Render count or primcount is 0.", source: https://www.planetminecraft.com/ (0)
[2830:775:1128/124923.719230:ERROR:gles2_cmd_decoder.cc(11244)] [.WebGL-0x7fdd5601e800]RENDER WARNING: Render count or primcount is 0.
[2825:775:1128/124923.727349:INFO:CONSOLE(0)] "[.WebGL-0x7fdd5601e800]RENDER WARNING: Render count or primcount is 0.", source: https://www.planetminecraft.com/ (0)
[2830:775:1128/124924.190090:ERROR:gles2_cmd_decoder.cc(11244)] [.WebGL-0x7fdd5601e800]RENDER WARNING: Render count or primcount is 0.
[2825:775:1128/124924.196900:INFO:CONSOLE(0)] "[.WebGL-0x7fdd5601e800]RENDER WARNING: Render count or primcount is 0.", source: https://www.planetminecraft.com/ (0)
[2830:775:1128/124925.203835:ERROR:gles2_cmd_decoder.cc(11244)] [.WebGL-0x7fdd5601e800]RENDER WARNING: Render count or primcount is 0.
[2825:775:1128/124925.214309:INFO:CONSOLE(0)] "[.WebGL-0x7fdd5601e800]RENDER WARNING: Render count or primcount is 0.", source: https://www.planetminecraft.com/ (0)
[2830:775:1128/124925.218808:ERROR:gles2_cmd_decoder.cc(11244)] [.WebGL-0x7fdd5601e800]RENDER WARNING: Render count or primcount is 0.
[2825:775:1128/124925.225184:INFO:CONSOLE(0)] "[.WebGL-0x7fdd5601e800]RENDER WARNING: Render count or primcount is 0.", source: https://www.planetminecraft.com/ (0)
[2830:775:1128/124925.236094:ERROR:gles2_cmd_decoder.cc(11244)] [.WebGL-0x7fdd5601e800]RENDER WARNING: Render count or primcount is 0.
[2825:775:1128/124925.246064:INFO:CONSOLE(0)] "[.WebGL-0x7fdd5601e800]RENDER WARNING: Render count or primcount is 0.", source: https://www.planetminecraft.com/ (0)
[2830:775:1128/124925.251174:ERROR:gles2_cmd_decoder.cc(11244)] [.WebGL-0x7fdd5601e800]RENDER WARNING: Render count or primcount is 0.
[2825:775:1128/124925.259467:INFO:CONSOLE(0)] "[.WebGL-0x7fdd5601e800]RENDER WARNING: Render count or primcount is 0.", source: https://www.planetminecraft.com/ (0)
[2830:775:1128/124925.267785:ERROR:gles2_cmd_decoder.cc(11244)] [.WebGL-0x7fdd5601e800]RENDER WARNING: Render count or primcount is 0.
[2825:775:1128/124925.278470:INFO:CONSOLE(0)] "[.WebGL-0x7fdd5601e800]RENDER WARNING: Render count or primcount is 0.", source: https://www.planetminecraft.com/ (0)
[2830:775:1128/124925.285150:ERROR:gles2_cmd_decoder.cc(11244)] [.WebGL-0x7fdd5601e800]RENDER WARNING: Render count or primcount is 0.
[2825:775:1128/124925.293665:INFO:CONSOLE(0)] "[.WebGL-0x7fdd5601e800]RENDER WARNING: Render count or primcount is 0.", source: https://www.planetminecraft.com/ (0)
[2830:775:1128/124925.303123:ERROR:gles2_cmd_decoder.cc(11244)] [.WebGL-0x7fdd5601e800]RENDER WARNING: Render count or primcount is 0.
[2825:775:1128/124925.311491:INFO:CONSOLE(0)] "[.WebGL-0x7fdd5601e800]RENDER WARNING: Render count or primcount is 0.", source: https://www.planetminecraft.com/ (0)
[2830:775:1128/124925.317432:ERROR:gles2_cmd_decoder.cc(11244)] [.WebGL-0x7fdd5601e800]RENDER WARNING: Render count or primcount is 0.
[2825:775:1128/124925.326481:INFO:CONSOLE(0)] "[.WebGL-0x7fdd5601e800]RENDER WARNING: Render count or primcount is 0.", source: https://www.planetminecraft.com/ (0)
[2830:775:1128/124925.335744:ERROR:gles2_cmd_decoder.cc(11244)] [.WebGL-0x7fdd5601e800]RENDER WARNING: Render count or primcount is 0.
[2825:775:1128/124925.345249:INFO:CONSOLE(0)] "[.WebGL-0x7fdd5601e800]RENDER WARNING: Render count or primcount is 0.", source: https://www.planetminecraft.com/ (0)
[2830:775:1128/124925.351866:ERROR:gles2_cmd_decoder.cc(11244)] [.WebGL-0x7fdd5601e800]RENDER WARNING: Render count or primcount is 0.
[2825:775:1128/124925.360370:INFO:CONSOLE(0)] "[.WebGL-0x7fdd5601e800]RENDER WARNING: Render count or primcount is 0.", source: https://www.planetminecraft.com/ (0)
[2830:775:1128/124925.751505:ERROR:gles2_cmd_decoder.cc(11244)] [.WebGL-0x7fdd5601e800]RENDER WARNING: Render count or primcount is 0.
[2825:775:1128/124925.760370:INFO:CONSOLE(0)] "[.WebGL-0x7fdd5601e800]RENDER WARNING: Render count or primcount is 0.", source: https://www.planetminecraft.com/ (0)
[2830:775:1128/124925.768804:ERROR:gles2_cmd_decoder.cc(11244)] [.WebGL-0x7fdd5601e800]RENDER WARNING: Render count or primcount is 0.
[2825:775:1128/124925.777503:INFO:CONSOLE(0)] "[.WebGL-0x7fdd5601e800]RENDER WARNING: Render count or primcount is 0.", source: https://www.planetminecraft.com/ (0)
[2830:775:1128/124925.785183:ERROR:gles2_cmd_decoder.cc(11244)] [.WebGL-0x7fdd5601e800]RENDER WARNING: Render count or primcount is 0.
[2825:775:1128/124925.795725:INFO:CONSOLE(0)] "[.WebGL-0x7fdd5601e800]RENDER WARNING: Render count or primcount is 0.", source: https://www.planetminecraft.com/ (0)
[2830:775:1128/124925.802265:ERROR:gles2_cmd_decoder.cc(11244)] [.WebGL-0x7fdd5601e800]RENDER WARNING: Render count or primcount is 0.
[2830:775:1128/124925.807046:ERROR:gles2_cmd_decoder.cc(11244)] [.WebGL-0x7fdd5601e800]RENDER WARNING: Render count or primcount is 0.
[2825:775:1128/124925.817201:INFO:CONSOLE(0)] "[.WebGL-0x7fdd5601e800]RENDER WARNING: Render count or primcount is 0.", source: https://www.planetminecraft.com/ (0)
[2825:775:1128/124925.817302:INFO:CONSOLE(0)] "[.WebGL-0x7fdd5601e800]RENDER WARNING: Render count or primcount is 0.", source: https://www.planetminecraft.com/ (0)
[2830:775:1128/124925.819926:ERROR:gles2_cmd_decoder.cc(11244)] [.WebGL-0x7fdd5601e800]RENDER WARNING: Render count or primcount is 0.
[2825:775:1128/124925.826731:INFO:CONSOLE(0)] "[.WebGL-0x7fdd5601e800]RENDER WARNING: Render count or primcount is 0.", source: https://www.planetminecraft.com/ (0)
[2825:775:1128/130942.449854:WARNING:pref_notifier_impl.cc(40)] Pref observer for browser.relaunch_notification_period found at shutdown.
[2825:775:1128/130942.449907:WARNING:pref_notifier_impl.cc(40)] Pref observer for media_router.cast_allow_all_ips found at shutdown.
